c:\users\1234y\bestedrofthemarket\x64\release\jsoncpp.dll
c:\users\1234y\bestedrofthemarket\bestedrofthemarket\x64\release\vc143.pdb
c:\users\1234y\bestedrofthemarket\bestedrofthemarket\x64\release\startup.obj
c:\users\1234y\bestedrofthemarket\bestedrofthemarket\x64\release\processstructutils.obj
c:\users\1234y\bestedrofthemarket\bestedrofthemarket\x64\release\parchingmitig.obj
c:\users\1234y\bestedrofthemarket\bestedrofthemarket\x64\release\modulesmempools.obj
c:\users\1234y\bestedrofthemarket\bestedrofthemarket\x64\release\iathookingutils.obj
c:\users\1234y\bestedrofthemarket\bestedrofthemarket\x64\release\callstackmonitoringutils.obj
c:\users\1234y\bestedrofthemarket\x64\release\bestedrofthemarket.exe
c:\users\1234y\bestedrofthemarket\bestedrofthemarket\x64\release\bestedrofthemarket.ipdb
c:\users\1234y\bestedrofthemarket\x64\release\bestedrofthemarket.pdb
c:\users\1234y\bestedrofthemarket\bestedrofthemarket\x64\release\bestedrofthemarket.iobj
c:\users\1234y\bestedrofthemarket\bestedrofthemarket\x64\release\bestedro.1ff9a512.tlog\bestedrofthemarket.write.1u.tlog
c:\users\1234y\bestedrofthemarket\bestedrofthemarket\x64\release\bestedro.1ff9a512.tlog\cl.command.1.tlog
c:\users\1234y\bestedrofthemarket\bestedrofthemarket\x64\release\bestedro.1ff9a512.tlog\cl.items.tlog
c:\users\1234y\bestedrofthemarket\bestedrofthemarket\x64\release\bestedro.1ff9a512.tlog\cl.read.1.tlog
c:\users\1234y\bestedrofthemarket\bestedrofthemarket\x64\release\bestedro.1ff9a512.tlog\cl.write.1.tlog
c:\users\1234y\bestedrofthemarket\bestedrofthemarket\x64\release\bestedro.1ff9a512.tlog\link.command.1.tlog
c:\users\1234y\bestedrofthemarket\bestedrofthemarket\x64\release\bestedro.1ff9a512.tlog\link.read.1.tlog
c:\users\1234y\bestedrofthemarket\bestedrofthemarket\x64\release\bestedro.1ff9a512.tlog\link.write.1.tlog
