cl : ligne de commande  warning D9025: substitution de '/sdl' par '/GS-'
  MonitoringUtils.cpp
C:\Users\1234Y\BestEdrOfTheMarket\BestEdrOfTheMarket\ConversionUtils.h(142,13): warning C4267: 'initialisation' : conversion de 'size_t' en 'int', perte possible de données
  (compiler le fichier source '../BestEdrOfTheMarket/MonitoringUtils.cpp')
  
C:\Users\1234Y\BestEdrOfTheMarket\BestEdrOfTheMarket\ConversionUtils.h(156,16): warning C4267: 'initialisation' : conversion de 'size_t' en 'int', perte possible de données
  (compiler le fichier source '../BestEdrOfTheMarket/MonitoringUtils.cpp')
  
C:\Users\1234Y\BestEdrOfTheMarket\BestEdrOfTheMarket\Pe64Utils.h(82,10): warning C4101: 'queryResult' : variable locale non référencée
  (compiler le fichier source '../BestEdrOfTheMarket/MonitoringUtils.cpp')
  
C:\Users\1234Y\BestEdrOfTheMarket\BestEdrOfTheMarket\Pe64Utils.h(400,15): warning C4101: 'bytesRead' : variable locale non référencée
  (compiler le fichier source '../BestEdrOfTheMarket/MonitoringUtils.cpp')
  
C:\Users\1234Y\BestEdrOfTheMarket\BestEdrOfTheMarket\HeapUtils.h(141,28): warning C4018: '<' : incompatibilité signed/unsigned
  (compiler le fichier source '../BestEdrOfTheMarket/MonitoringUtils.cpp')
  
C:\Users\1234Y\BestEdrOfTheMarket\BestEdrOfTheMarket\HeapUtils.h(153,27): warning C4018: '<' : incompatibilité signed/unsigned
  (compiler le fichier source '../BestEdrOfTheMarket/MonitoringUtils.cpp')
  
C:\Program Files (x86)\Windows Kits\10\Include\10.0.22621.0\shared\ntstatus.h(66,9): warning C4005: 'STATUS_WAIT_0' : redéfinition de macro
  (compiler le fichier source '../BestEdrOfTheMarket/MonitoringUtils.cpp')
      C:\Program Files (x86)\Windows Kits\10\Include\10.0.22621.0\um\winnt.h(2549,9):
      voir la définition précédente de « STATUS_WAIT_0 »
  
C:\Program Files (x86)\Windows Kits\10\Include\10.0.22621.0\shared\ntstatus.h(223,9): warning C4005: 'STATUS_ABANDONED_WAIT_0' : redéfinition de macro
  (compiler le fichier source '../BestEdrOfTheMarket/MonitoringUtils.cpp')
      C:\Program Files (x86)\Windows Kits\10\Include\10.0.22621.0\um\winnt.h(2550,9):
      voir la définition précédente de « STATUS_ABANDONED_WAIT_0 »
  
C:\Program Files (x86)\Windows Kits\10\Include\10.0.22621.0\shared\ntstatus.h(246,9): warning C4005: 'STATUS_USER_APC' : redéfinition de macro
  (compiler le fichier source '../BestEdrOfTheMarket/MonitoringUtils.cpp')
      C:\Program Files (x86)\Windows Kits\10\Include\10.0.22621.0\um\winnt.h(2551,9):
      voir la définition précédente de « STATUS_USER_APC »
  
C:\Program Files (x86)\Windows Kits\10\Include\10.0.22621.0\shared\ntstatus.h(282,9): warning C4005: 'STATUS_TIMEOUT' : redéfinition de macro
  (compiler le fichier source '../BestEdrOfTheMarket/MonitoringUtils.cpp')
      C:\Program Files (x86)\Windows Kits\10\Include\10.0.22621.0\um\winnt.h(2552,9):
      voir la définition précédente de « STATUS_TIMEOUT »
  
C:\Program Files (x86)\Windows Kits\10\Include\10.0.22621.0\shared\ntstatus.h(291,9): warning C4005: 'STATUS_PENDING' : redéfinition de macro
  (compiler le fichier source '../BestEdrOfTheMarket/MonitoringUtils.cpp')
      C:\Program Files (x86)\Windows Kits\10\Include\10.0.22621.0\um\winnt.h(2553,9):
      voir la définition précédente de « STATUS_PENDING »
  
C:\Program Files (x86)\Windows Kits\10\Include\10.0.22621.0\shared\ntstatus.h(747,9): warning C4005: 'DBG_EXCEPTION_HANDLED' : redéfinition de macro
  (compiler le fichier source '../BestEdrOfTheMarket/MonitoringUtils.cpp')
      C:\Program Files (x86)\Windows Kits\10\Include\10.0.22621.0\um\winnt.h(2554,9):
      voir la définition précédente de « DBG_EXCEPTION_HANDLED »
  
C:\Program Files (x86)\Windows Kits\10\Include\10.0.22621.0\shared\ntstatus.h(756,9): warning C4005: 'DBG_CONTINUE' : redéfinition de macro
  (compiler le fichier source '../BestEdrOfTheMarket/MonitoringUtils.cpp')
      C:\Program Files (x86)\Windows Kits\10\Include\10.0.22621.0\um\winnt.h(2555,9):
      voir la définition précédente de « DBG_CONTINUE »
  
C:\Program Files (x86)\Windows Kits\10\Include\10.0.22621.0\shared\ntstatus.h(831,9): warning C4005: 'STATUS_SEGMENT_NOTIFICATION' : redéfinition de macro
  (compiler le fichier source '../BestEdrOfTheMarket/MonitoringUtils.cpp')
      C:\Program Files (x86)\Windows Kits\10\Include\10.0.22621.0\um\winnt.h(2556,9):
      voir la définition précédente de « STATUS_SEGMENT_NOTIFICATION »
  
C:\Program Files (x86)\Windows Kits\10\Include\10.0.22621.0\shared\ntstatus.h(994,9): warning C4005: 'STATUS_FATAL_APP_EXIT' : redéfinition de macro
  (compiler le fichier source '../BestEdrOfTheMarket/MonitoringUtils.cpp')
      C:\Program Files (x86)\Windows Kits\10\Include\10.0.22621.0\um\winnt.h(2557,9):
      voir la définition précédente de « STATUS_FATAL_APP_EXIT »
  
C:\Program Files (x86)\Windows Kits\10\Include\10.0.22621.0\shared\ntstatus.h(1332,9): warning C4005: 'DBG_REPLY_LATER' : redéfinition de macro
  (compiler le fichier source '../BestEdrOfTheMarket/MonitoringUtils.cpp')
      C:\Program Files (x86)\Windows Kits\10\Include\10.0.22621.0\um\winnt.h(2558,9):
      voir la définition précédente de « DBG_REPLY_LATER »
  
C:\Program Files (x86)\Windows Kits\10\Include\10.0.22621.0\shared\ntstatus.h(1350,9): warning C4005: 'DBG_TERMINATE_THREAD' : redéfinition de macro
  (compiler le fichier source '../BestEdrOfTheMarket/MonitoringUtils.cpp')
      C:\Program Files (x86)\Windows Kits\10\Include\10.0.22621.0\um\winnt.h(2559,9):
      voir la définition précédente de « DBG_TERMINATE_THREAD »
  
C:\Program Files (x86)\Windows Kits\10\Include\10.0.22621.0\shared\ntstatus.h(1359,9): warning C4005: 'DBG_TERMINATE_PROCESS' : redéfinition de macro
  (compiler le fichier source '../BestEdrOfTheMarket/MonitoringUtils.cpp')
      C:\Program Files (x86)\Windows Kits\10\Include\10.0.22621.0\um\winnt.h(2560,9):
      voir la définition précédente de « DBG_TERMINATE_PROCESS »
  
C:\Program Files (x86)\Windows Kits\10\Include\10.0.22621.0\shared\ntstatus.h(1368,9): warning C4005: 'DBG_CONTROL_C' : redéfinition de macro
  (compiler le fichier source '../BestEdrOfTheMarket/MonitoringUtils.cpp')
      C:\Program Files (x86)\Windows Kits\10\Include\10.0.22621.0\um\winnt.h(2561,9):
      voir la définition précédente de « DBG_CONTROL_C »
  
C:\Program Files (x86)\Windows Kits\10\Include\10.0.22621.0\shared\ntstatus.h(1377,9): warning C4005: 'DBG_PRINTEXCEPTION_C' : redéfinition de macro
  (compiler le fichier source '../BestEdrOfTheMarket/MonitoringUtils.cpp')
      C:\Program Files (x86)\Windows Kits\10\Include\10.0.22621.0\um\winnt.h(2562,9):
      voir la définition précédente de « DBG_PRINTEXCEPTION_C »
  
C:\Program Files (x86)\Windows Kits\10\Include\10.0.22621.0\shared\ntstatus.h(1386,9): warning C4005: 'DBG_RIPEXCEPTION' : redéfinition de macro
  (compiler le fichier source '../BestEdrOfTheMarket/MonitoringUtils.cpp')
      C:\Program Files (x86)\Windows Kits\10\Include\10.0.22621.0\um\winnt.h(2563,9):
      voir la définition précédente de « DBG_RIPEXCEPTION »
  
C:\Program Files (x86)\Windows Kits\10\Include\10.0.22621.0\shared\ntstatus.h(1395,9): warning C4005: 'DBG_CONTROL_BREAK' : redéfinition de macro
  (compiler le fichier source '../BestEdrOfTheMarket/MonitoringUtils.cpp')
      C:\Program Files (x86)\Windows Kits\10\Include\10.0.22621.0\um\winnt.h(2564,9):
      voir la définition précédente de « DBG_CONTROL_BREAK »
  
C:\Program Files (x86)\Windows Kits\10\Include\10.0.22621.0\shared\ntstatus.h(1404,9): warning C4005: 'DBG_COMMAND_EXCEPTION' : redéfinition de macro
  (compiler le fichier source '../BestEdrOfTheMarket/MonitoringUtils.cpp')
      C:\Program Files (x86)\Windows Kits\10\Include\10.0.22621.0\um\winnt.h(2565,9):
      voir la définition précédente de « DBG_COMMAND_EXCEPTION »
  
C:\Program Files (x86)\Windows Kits\10\Include\10.0.22621.0\shared\ntstatus.h(1413,9): warning C4005: 'DBG_PRINTEXCEPTION_WIDE_C' : redéfinition de macro
  (compiler le fichier source '../BestEdrOfTheMarket/MonitoringUtils.cpp')
      C:\Program Files (x86)\Windows Kits\10\Include\10.0.22621.0\um\winnt.h(2566,9):
      voir la définition précédente de « DBG_PRINTEXCEPTION_WIDE_C »
  
C:\Program Files (x86)\Windows Kits\10\Include\10.0.22621.0\shared\ntstatus.h(1445,9): warning C4005: 'STATUS_GUARD_PAGE_VIOLATION' : redéfinition de macro
  (compiler le fichier source '../BestEdrOfTheMarket/MonitoringUtils.cpp')
      C:\Program Files (x86)\Windows Kits\10\Include\10.0.22621.0\um\winnt.h(2567,9):
      voir la définition précédente de « STATUS_GUARD_PAGE_VIOLATION »
  
C:\Program Files (x86)\Windows Kits\10\Include\10.0.22621.0\shared\ntstatus.h(1456,9): warning C4005: 'STATUS_DATATYPE_MISALIGNMENT' : redéfinition de macro
  (compiler le fichier source '../BestEdrOfTheMarket/MonitoringUtils.cpp')
      C:\Program Files (x86)\Windows Kits\10\Include\10.0.22621.0\um\winnt.h(2568,9):
      voir la définition précédente de « STATUS_DATATYPE_MISALIGNMENT »
  
C:\Program Files (x86)\Windows Kits\10\Include\10.0.22621.0\shared\ntstatus.h(1467,9): warning C4005: 'STATUS_BREAKPOINT' : redéfinition de macro
  (compiler le fichier source '../BestEdrOfTheMarket/MonitoringUtils.cpp')
      C:\Program Files (x86)\Windows Kits\10\Include\10.0.22621.0\um\winnt.h(2569,9):
      voir la définition précédente de « STATUS_BREAKPOINT »
  
C:\Program Files (x86)\Windows Kits\10\Include\10.0.22621.0\shared\ntstatus.h(1478,9): warning C4005: 'STATUS_SINGLE_STEP' : redéfinition de macro
  (compiler le fichier source '../BestEdrOfTheMarket/MonitoringUtils.cpp')
      C:\Program Files (x86)\Windows Kits\10\Include\10.0.22621.0\um\winnt.h(2570,9):
      voir la définition précédente de « STATUS_SINGLE_STEP »
  
C:\Program Files (x86)\Windows Kits\10\Include\10.0.22621.0\shared\ntstatus.h(1781,9): warning C4005: 'STATUS_LONGJUMP' : redéfinition de macro
  (compiler le fichier source '../BestEdrOfTheMarket/MonitoringUtils.cpp')
      C:\Program Files (x86)\Windows Kits\10\Include\10.0.22621.0\um\winnt.h(2571,9):
      voir la définition précédente de « STATUS_LONGJUMP »
  
C:\Program Files (x86)\Windows Kits\10\Include\10.0.22621.0\shared\ntstatus.h(1808,9): warning C4005: 'STATUS_UNWIND_CONSOLIDATE' : redéfinition de macro
  (compiler le fichier source '../BestEdrOfTheMarket/MonitoringUtils.cpp')
      C:\Program Files (x86)\Windows Kits\10\Include\10.0.22621.0\um\winnt.h(2572,9):
      voir la définition précédente de « STATUS_UNWIND_CONSOLIDATE »
  
C:\Program Files (x86)\Windows Kits\10\Include\10.0.22621.0\shared\ntstatus.h(1923,9): warning C4005: 'DBG_EXCEPTION_NOT_HANDLED' : redéfinition de macro
  (compiler le fichier source '../BestEdrOfTheMarket/MonitoringUtils.cpp')
      C:\Program Files (x86)\Windows Kits\10\Include\10.0.22621.0\um\winnt.h(2573,9):
      voir la définition précédente de « DBG_EXCEPTION_NOT_HANDLED »
  
C:\Program Files (x86)\Windows Kits\10\Include\10.0.22621.0\shared\ntstatus.h(2090,9): warning C4005: 'STATUS_ACCESS_VIOLATION' : redéfinition de macro
  (compiler le fichier source '../BestEdrOfTheMarket/MonitoringUtils.cpp')
      C:\Program Files (x86)\Windows Kits\10\Include\10.0.22621.0\um\winnt.h(2574,9):
      voir la définition précédente de « STATUS_ACCESS_VIOLATION »
  
C:\Program Files (x86)\Windows Kits\10\Include\10.0.22621.0\shared\ntstatus.h(2099,9): warning C4005: 'STATUS_IN_PAGE_ERROR' : redéfinition de macro
  (compiler le fichier source '../BestEdrOfTheMarket/MonitoringUtils.cpp')
      C:\Program Files (x86)\Windows Kits\10\Include\10.0.22621.0\um\winnt.h(2575,9):
      voir la définition précédente de « STATUS_IN_PAGE_ERROR »
  
C:\Program Files (x86)\Windows Kits\10\Include\10.0.22621.0\shared\ntstatus.h(2117,9): warning C4005: 'STATUS_INVALID_HANDLE' : redéfinition de macro
  (compiler le fichier source '../BestEdrOfTheMarket/MonitoringUtils.cpp')
      C:\Program Files (x86)\Windows Kits\10\Include\10.0.22621.0\um\winnt.h(2576,9):
      voir la définition précédente de « STATUS_INVALID_HANDLE »
  
C:\Program Files (x86)\Windows Kits\10\Include\10.0.22621.0\shared\ntstatus.h(2162,9): warning C4005: 'STATUS_INVALID_PARAMETER' : redéfinition de macro
  (compiler le fichier source '../BestEdrOfTheMarket/MonitoringUtils.cpp')
      C:\Program Files (x86)\Windows Kits\10\Include\10.0.22621.0\um\winnt.h(2577,9):
      voir la définition précédente de « STATUS_INVALID_PARAMETER »
  
C:\Program Files (x86)\Windows Kits\10\Include\10.0.22621.0\shared\ntstatus.h(2262,9): warning C4005: 'STATUS_NO_MEMORY' : redéfinition de macro
  (compiler le fichier source '../BestEdrOfTheMarket/MonitoringUtils.cpp')
      C:\Program Files (x86)\Windows Kits\10\Include\10.0.22621.0\um\winnt.h(2578,9):
      voir la définition précédente de « STATUS_NO_MEMORY »
  
C:\Program Files (x86)\Windows Kits\10\Include\10.0.22621.0\shared\ntstatus.h(2319,9): warning C4005: 'STATUS_ILLEGAL_INSTRUCTION' : redéfinition de macro
  (compiler le fichier source '../BestEdrOfTheMarket/MonitoringUtils.cpp')
      C:\Program Files (x86)\Windows Kits\10\Include\10.0.22621.0\um\winnt.h(2579,9):
      voir la définition précédente de « STATUS_ILLEGAL_INSTRUCTION »
  
C:\Program Files (x86)\Windows Kits\10\Include\10.0.22621.0\shared\ntstatus.h(2400,9): warning C4005: 'STATUS_NONCONTINUABLE_EXCEPTION' : redéfinition de macro
  (compiler le fichier source '../BestEdrOfTheMarket/MonitoringUtils.cpp')
      C:\Program Files (x86)\Windows Kits\10\Include\10.0.22621.0\um\winnt.h(2580,9):
      voir la définition précédente de « STATUS_NONCONTINUABLE_EXCEPTION »
  
C:\Program Files (x86)\Windows Kits\10\Include\10.0.22621.0\shared\ntstatus.h(2409,9): warning C4005: 'STATUS_INVALID_DISPOSITION' : redéfinition de macro
  (compiler le fichier source '../BestEdrOfTheMarket/MonitoringUtils.cpp')
      C:\Program Files (x86)\Windows Kits\10\Include\10.0.22621.0\um\winnt.h(2581,9):
      voir la définition précédente de « STATUS_INVALID_DISPOSITION »
  
C:\Program Files (x86)\Windows Kits\10\Include\10.0.22621.0\shared\ntstatus.h(3342,9): warning C4005: 'STATUS_ARRAY_BOUNDS_EXCEEDED' : redéfinition de macro
  (compiler le fichier source '../BestEdrOfTheMarket/MonitoringUtils.cpp')
      C:\Program Files (x86)\Windows Kits\10\Include\10.0.22621.0\um\winnt.h(2582,9):
      voir la définition précédente de « STATUS_ARRAY_BOUNDS_EXCEEDED »
  
C:\Program Files (x86)\Windows Kits\10\Include\10.0.22621.0\shared\ntstatus.h(3352,9): warning C4005: 'STATUS_FLOAT_DENORMAL_OPERAND' : redéfinition de macro
  (compiler le fichier source '../BestEdrOfTheMarket/MonitoringUtils.cpp')
      C:\Program Files (x86)\Windows Kits\10\Include\10.0.22621.0\um\winnt.h(2583,9):
      voir la définition précédente de « STATUS_FLOAT_DENORMAL_OPERAND »
  
C:\Program Files (x86)\Windows Kits\10\Include\10.0.22621.0\shared\ntstatus.h(3362,9): warning C4005: 'STATUS_FLOAT_DIVIDE_BY_ZERO' : redéfinition de macro
  (compiler le fichier source '../BestEdrOfTheMarket/MonitoringUtils.cpp')
      C:\Program Files (x86)\Windows Kits\10\Include\10.0.22621.0\um\winnt.h(2584,9):
      voir la définition précédente de « STATUS_FLOAT_DIVIDE_BY_ZERO »
  
C:\Program Files (x86)\Windows Kits\10\Include\10.0.22621.0\shared\ntstatus.h(3372,9): warning C4005: 'STATUS_FLOAT_INEXACT_RESULT' : redéfinition de macro
  (compiler le fichier source '../BestEdrOfTheMarket/MonitoringUtils.cpp')
      C:\Program Files (x86)\Windows Kits\10\Include\10.0.22621.0\um\winnt.h(2585,9):
      voir la définition précédente de « STATUS_FLOAT_INEXACT_RESULT »
  
C:\Program Files (x86)\Windows Kits\10\Include\10.0.22621.0\shared\ntstatus.h(3382,9): warning C4005: 'STATUS_FLOAT_INVALID_OPERATION' : redéfinition de macro
  (compiler le fichier source '../BestEdrOfTheMarket/MonitoringUtils.cpp')
      C:\Program Files (x86)\Windows Kits\10\Include\10.0.22621.0\um\winnt.h(2586,9):
      voir la définition précédente de « STATUS_FLOAT_INVALID_OPERATION »
  
C:\Program Files (x86)\Windows Kits\10\Include\10.0.22621.0\shared\ntstatus.h(3392,9): warning C4005: 'STATUS_FLOAT_OVERFLOW' : redéfinition de macro
  (compiler le fichier source '../BestEdrOfTheMarket/MonitoringUtils.cpp')
      C:\Program Files (x86)\Windows Kits\10\Include\10.0.22621.0\um\winnt.h(2587,9):
      voir la définition précédente de « STATUS_FLOAT_OVERFLOW »
  
C:\Program Files (x86)\Windows Kits\10\Include\10.0.22621.0\shared\ntstatus.h(3402,9): warning C4005: 'STATUS_FLOAT_STACK_CHECK' : redéfinition de macro
  (compiler le fichier source '../BestEdrOfTheMarket/MonitoringUtils.cpp')
      C:\Program Files (x86)\Windows Kits\10\Include\10.0.22621.0\um\winnt.h(2588,9):
      voir la définition précédente de « STATUS_FLOAT_STACK_CHECK »
  
C:\Program Files (x86)\Windows Kits\10\Include\10.0.22621.0\shared\ntstatus.h(3412,9): warning C4005: 'STATUS_FLOAT_UNDERFLOW' : redéfinition de macro
  (compiler le fichier source '../BestEdrOfTheMarket/MonitoringUtils.cpp')
      C:\Program Files (x86)\Windows Kits\10\Include\10.0.22621.0\um\winnt.h(2589,9):
      voir la définition précédente de « STATUS_FLOAT_UNDERFLOW »
  
C:\Program Files (x86)\Windows Kits\10\Include\10.0.22621.0\shared\ntstatus.h(3422,9): warning C4005: 'STATUS_INTEGER_DIVIDE_BY_ZERO' : redéfinition de macro
  (compiler le fichier source '../BestEdrOfTheMarket/MonitoringUtils.cpp')
      C:\Program Files (x86)\Windows Kits\10\Include\10.0.22621.0\um\winnt.h(2590,9):
      voir la définition précédente de « STATUS_INTEGER_DIVIDE_BY_ZERO »
  
C:\Program Files (x86)\Windows Kits\10\Include\10.0.22621.0\shared\ntstatus.h(3432,9): warning C4005: 'STATUS_INTEGER_OVERFLOW' : redéfinition de macro
  (compiler le fichier source '../BestEdrOfTheMarket/MonitoringUtils.cpp')
      C:\Program Files (x86)\Windows Kits\10\Include\10.0.22621.0\um\winnt.h(2591,9):
      voir la définition précédente de « STATUS_INTEGER_OVERFLOW »
  
C:\Program Files (x86)\Windows Kits\10\Include\10.0.22621.0\shared\ntstatus.h(3442,9): warning C4005: 'STATUS_PRIVILEGED_INSTRUCTION' : redéfinition de macro
  (compiler le fichier source '../BestEdrOfTheMarket/MonitoringUtils.cpp')
      C:\Program Files (x86)\Windows Kits\10\Include\10.0.22621.0\um\winnt.h(2592,9):
      voir la définition précédente de « STATUS_PRIVILEGED_INSTRUCTION »
  
C:\Program Files (x86)\Windows Kits\10\Include\10.0.22621.0\shared\ntstatus.h(4388,9): warning C4005: 'STATUS_STACK_OVERFLOW' : redéfinition de macro
  (compiler le fichier source '../BestEdrOfTheMarket/MonitoringUtils.cpp')
      C:\Program Files (x86)\Windows Kits\10\Include\10.0.22621.0\um\winnt.h(2593,9):
      voir la définition précédente de « STATUS_STACK_OVERFLOW »
  
C:\Program Files (x86)\Windows Kits\10\Include\10.0.22621.0\shared\ntstatus.h(4905,9): warning C4005: 'STATUS_DLL_NOT_FOUND' : redéfinition de macro
  (compiler le fichier source '../BestEdrOfTheMarket/MonitoringUtils.cpp')
      C:\Program Files (x86)\Windows Kits\10\Include\10.0.22621.0\um\winnt.h(2594,9):
      voir la définition précédente de « STATUS_DLL_NOT_FOUND »
  
C:\Program Files (x86)\Windows Kits\10\Include\10.0.22621.0\shared\ntstatus.h(4934,9): warning C4005: 'STATUS_ORDINAL_NOT_FOUND' : redéfinition de macro
  (compiler le fichier source '../BestEdrOfTheMarket/MonitoringUtils.cpp')
      C:\Program Files (x86)\Windows Kits\10\Include\10.0.22621.0\um\winnt.h(2595,9):
      voir la définition précédente de « STATUS_ORDINAL_NOT_FOUND »
  
C:\Program Files (x86)\Windows Kits\10\Include\10.0.22621.0\shared\ntstatus.h(4944,9): warning C4005: 'STATUS_ENTRYPOINT_NOT_FOUND' : redéfinition de macro
  (compiler le fichier source '../BestEdrOfTheMarket/MonitoringUtils.cpp')
      C:\Program Files (x86)\Windows Kits\10\Include\10.0.22621.0\um\winnt.h(2596,9):
      voir la définition précédente de « STATUS_ENTRYPOINT_NOT_FOUND »
  
C:\Program Files (x86)\Windows Kits\10\Include\10.0.22621.0\shared\ntstatus.h(4954,9): warning C4005: 'STATUS_CONTROL_C_EXIT' : redéfinition de macro
  (compiler le fichier source '../BestEdrOfTheMarket/MonitoringUtils.cpp')
      C:\Program Files (x86)\Windows Kits\10\Include\10.0.22621.0\um\winnt.h(2597,9):
      voir la définition précédente de « STATUS_CONTROL_C_EXIT »
  
C:\Program Files (x86)\Windows Kits\10\Include\10.0.22621.0\shared\ntstatus.h(5032,9): warning C4005: 'STATUS_DLL_INIT_FAILED' : redéfinition de macro
  (compiler le fichier source '../BestEdrOfTheMarket/MonitoringUtils.cpp')
      C:\Program Files (x86)\Windows Kits\10\Include\10.0.22621.0\um\winnt.h(2598,9):
      voir la définition précédente de « STATUS_DLL_INIT_FAILED »
  
C:\Program Files (x86)\Windows Kits\10\Include\10.0.22621.0\shared\ntstatus.h(6029,9): warning C4005: 'STATUS_CONTROL_STACK_VIOLATION' : redéfinition de macro
  (compiler le fichier source '../BestEdrOfTheMarket/MonitoringUtils.cpp')
      C:\Program Files (x86)\Windows Kits\10\Include\10.0.22621.0\um\winnt.h(2599,9):
      voir la définition précédente de « STATUS_CONTROL_STACK_VIOLATION »
  
C:\Program Files (x86)\Windows Kits\10\Include\10.0.22621.0\shared\ntstatus.h(7623,9): warning C4005: 'STATUS_FLOAT_MULTIPLE_FAULTS' : redéfinition de macro
  (compiler le fichier source '../BestEdrOfTheMarket/MonitoringUtils.cpp')
      C:\Program Files (x86)\Windows Kits\10\Include\10.0.22621.0\um\winnt.h(2600,9):
      voir la définition précédente de « STATUS_FLOAT_MULTIPLE_FAULTS »
  
C:\Program Files (x86)\Windows Kits\10\Include\10.0.22621.0\shared\ntstatus.h(7633,9): warning C4005: 'STATUS_FLOAT_MULTIPLE_TRAPS' : redéfinition de macro
  (compiler le fichier source '../BestEdrOfTheMarket/MonitoringUtils.cpp')
      C:\Program Files (x86)\Windows Kits\10\Include\10.0.22621.0\um\winnt.h(2601,9):
      voir la définition précédente de « STATUS_FLOAT_MULTIPLE_TRAPS »
  
C:\Program Files (x86)\Windows Kits\10\Include\10.0.22621.0\shared\ntstatus.h(7765,9): warning C4005: 'STATUS_REG_NAT_CONSUMPTION' : redéfinition de macro
  (compiler le fichier source '../BestEdrOfTheMarket/MonitoringUtils.cpp')
      C:\Program Files (x86)\Windows Kits\10\Include\10.0.22621.0\um\winnt.h(2602,9):
      voir la définition précédente de « STATUS_REG_NAT_CONSUMPTION »
  
C:\Program Files (x86)\Windows Kits\10\Include\10.0.22621.0\shared\ntstatus.h(8748,9): warning C4005: 'STATUS_HEAP_CORRUPTION' : redéfinition de macro
  (compiler le fichier source '../BestEdrOfTheMarket/MonitoringUtils.cpp')
      C:\Program Files (x86)\Windows Kits\10\Include\10.0.22621.0\um\winnt.h(2603,9):
      voir la définition précédente de « STATUS_HEAP_CORRUPTION »
  
C:\Program Files (x86)\Windows Kits\10\Include\10.0.22621.0\shared\ntstatus.h(8976,9): warning C4005: 'STATUS_STACK_BUFFER_OVERRUN' : redéfinition de macro
  (compiler le fichier source '../BestEdrOfTheMarket/MonitoringUtils.cpp')
      C:\Program Files (x86)\Windows Kits\10\Include\10.0.22621.0\um\winnt.h(2604,9):
      voir la définition précédente de « STATUS_STACK_BUFFER_OVERRUN »
  
C:\Program Files (x86)\Windows Kits\10\Include\10.0.22621.0\shared\ntstatus.h(9103,9): warning C4005: 'STATUS_INVALID_CRUNTIME_PARAMETER' : redéfinition de macro
  (compiler le fichier source '../BestEdrOfTheMarket/MonitoringUtils.cpp')
      C:\Program Files (x86)\Windows Kits\10\Include\10.0.22621.0\um\winnt.h(2605,9):
      voir la définition précédente de « STATUS_INVALID_CRUNTIME_PARAMETER »
  
C:\Program Files (x86)\Windows Kits\10\Include\10.0.22621.0\shared\ntstatus.h(9166,9): warning C4005: 'STATUS_ASSERTION_FAILURE' : redéfinition de macro
  (compiler le fichier source '../BestEdrOfTheMarket/MonitoringUtils.cpp')
      C:\Program Files (x86)\Windows Kits\10\Include\10.0.22621.0\um\winnt.h(2606,9):
      voir la définition précédente de « STATUS_ASSERTION_FAILURE »
  
C:\Program Files (x86)\Windows Kits\10\Include\10.0.22621.0\shared\ntstatus.h(10075,9): warning C4005: 'STATUS_ENCLAVE_VIOLATION' : redéfinition de macro
  (compiler le fichier source '../BestEdrOfTheMarket/MonitoringUtils.cpp')
      C:\Program Files (x86)\Windows Kits\10\Include\10.0.22621.0\um\winnt.h(2607,9):
      voir la définition précédente de « STATUS_ENCLAVE_VIOLATION »
  
C:\Program Files (x86)\Windows Kits\10\Include\10.0.22621.0\shared\ntstatus.h(10808,9): warning C4005: 'STATUS_INTERRUPTED' : redéfinition de macro
  (compiler le fichier source '../BestEdrOfTheMarket/MonitoringUtils.cpp')
      C:\Program Files (x86)\Windows Kits\10\Include\10.0.22621.0\um\winnt.h(2608,9):
      voir la définition précédente de « STATUS_INTERRUPTED »
  
C:\Program Files (x86)\Windows Kits\10\Include\10.0.22621.0\shared\ntstatus.h(10817,9): warning C4005: 'STATUS_THREAD_NOT_RUNNING' : redéfinition de macro
  (compiler le fichier source '../BestEdrOfTheMarket/MonitoringUtils.cpp')
      C:\Program Files (x86)\Windows Kits\10\Include\10.0.22621.0\um\winnt.h(2609,9):
      voir la définition précédente de « STATUS_THREAD_NOT_RUNNING »
  
C:\Program Files (x86)\Windows Kits\10\Include\10.0.22621.0\shared\ntstatus.h(11129,9): warning C4005: 'STATUS_ALREADY_REGISTERED' : redéfinition de macro
  (compiler le fichier source '../BestEdrOfTheMarket/MonitoringUtils.cpp')
      C:\Program Files (x86)\Windows Kits\10\Include\10.0.22621.0\um\winnt.h(2610,9):
      voir la définition précédente de « STATUS_ALREADY_REGISTERED »
  
C:\Program Files (x86)\Windows Kits\10\Include\10.0.22621.0\shared\ntstatus.h(15048,9): warning C4005: 'STATUS_SXS_EARLY_DEACTIVATION' : redéfinition de macro
  (compiler le fichier source '../BestEdrOfTheMarket/MonitoringUtils.cpp')
      C:\Program Files (x86)\Windows Kits\10\Include\10.0.22621.0\um\winnt.h(2612,9):
      voir la définition précédente de « STATUS_SXS_EARLY_DEACTIVATION »
  
C:\Program Files (x86)\Windows Kits\10\Include\10.0.22621.0\shared\ntstatus.h(15057,9): warning C4005: 'STATUS_SXS_INVALID_DEACTIVATION' : redéfinition de macro
  (compiler le fichier source '../BestEdrOfTheMarket/MonitoringUtils.cpp')
      C:\Program Files (x86)\Windows Kits\10\Include\10.0.22621.0\um\winnt.h(2613,9):
      voir la définition précédente de « STATUS_SXS_INVALID_DEACTIVATION »
  
C:\Users\1234Y\BestEdrOfTheMarket\BestEdrOfTheMarket\IPCUtils.h(958,31): warning C4244: 'initialisation' : conversion de 'SIZE_T' en 'int', perte possible de données
  (compiler le fichier source '../BestEdrOfTheMarket/MonitoringUtils.cpp')
  
C:\Users\1234Y\BestEdrOfTheMarket\BestEdrOfTheMarket\IPCUtils.h(789,10): warning C4101: 'thCount' : variable locale non référencée
  (compiler le fichier source '../BestEdrOfTheMarket/MonitoringUtils.cpp')
  
C:\Users\1234Y\BestEdrOfTheMarket\BestEdrOfTheMarket\IPCUtils.h(794,19): warning C4101: 'pwow64_context' : variable locale non référencée
  (compiler le fichier source '../BestEdrOfTheMarket/MonitoringUtils.cpp')
  
C:\Users\1234Y\BestEdrOfTheMarket\BestEdrOfTheMarket\IPCUtils.h(788,10): warning C4101: 'thIDs' : variable locale non référencée
  (compiler le fichier source '../BestEdrOfTheMarket/MonitoringUtils.cpp')
  
C:\Users\1234Y\BestEdrOfTheMarket\BestEdrOfTheMarket\MonitoringUtils.cpp(364,22): warning C4018: '<' : incompatibilité signed/unsigned
C:\Users\1234Y\BestEdrOfTheMarket\BestEdrOfTheMarket\MonitoringUtils.cpp(383,22): warning C4018: '<' : incompatibilité signed/unsigned
C:\Users\1234Y\BestEdrOfTheMarket\BestEdrOfTheMarket\MonitoringUtils.cpp(402,22): warning C4018: '<' : incompatibilité signed/unsigned
C:\Users\1234Y\BestEdrOfTheMarket\BestEdrOfTheMarket\MonitoringUtils.cpp(421,22): warning C4018: '<' : incompatibilité signed/unsigned
  Génération de code en cours
  4 of 983 functions ( 0.4%) were compiled, the rest were copied from previous compilation.
    0 functions were new in current compilation
    5 functions had inline decision re-evaluated but remain unchanged
  Fin de la génération du code
  BestEdrOfTheMarket.vcxproj -> C:\Users\1234Y\BestEdrOfTheMarket\x64\Release\BestEdrOfTheMarket.exe
